Using pre-set license
Built from '2021.1/staging' branch; Version is '2021.1.5f1 (3737af19df53) revision 3618735'; Using compiler version '192528614'; Build Type 'Release'
OS: 'Windows 10 Enterprise; OS build 19042.928; Version 2009; 64bit' Language: 'en' Physical Memory: 7899 MB
BatchMode: 1, IsHumanControllingUs: 0, StartBugReporterOnCrash: 0, Is64bit: 1, IsPro: 0

 COMMAND LINE ARGUMENTS:
C:\Program Files\Unity\Hub\Editor\2021.1.5f1\Editor\Unity.exe
-adb2
-batchMode
-noUpm
-name
AssetImportWorker0
-projectPath
C:/Users/user/RocketGameApril21
-logFile
Logs/AssetImportWorker0.log
-srvPort
57696
Successfully changed project path to: C:/Users/user/RocketGameApril21
C:/Users/user/RocketGameApril21
Using Asset Import Pipeline V2.
Refreshing native plugins compatible for Editor in 67.67 ms, found 0 plugins.
Preloading 0 native plugins for Editor in 0.00 ms.
Initialize engine version: 2021.1.5f1 (3737af19df53)
[Subsystems] Discovering subsystems at path C:/Program Files/Unity/Hub/Editor/2021.1.5f1/Editor/Data/Resources/UnitySubsystems
[Subsystems] Discovering subsystems at path C:/Users/user/RocketGameApril21/Assets
GfxDevice: creating device client; threaded=0; jobified=0
Direct3D:
    Version:  Direct3D 11.0 [level 11.1]
    Renderer: Intel(R) HD Graphics 630 (ID=0x5912)
    Vendor:   Intel
    VRAM:     3949 MB
    Driver:   27.20.100.8854
Initialize mono
Mono path[0] = 'C:/Program Files/Unity/Hub/Editor/2021.1.5f1/Editor/Data/Managed'
Mono path[1] = 'C:/Program Files/Unity/Hub/Editor/2021.1.5f1/Editor/Data/MonoBleedingEdge/lib/mono/unityjit'
Mono config path = 'C:/Program Files/Unity/Hub/Editor/2021.1.5f1/Editor/Data/MonoBleedingEdge/etc'
Using monoOptions --debugger-agent=transport=dt_socket,embedding=1,server=y,suspend=n,address=127.0.0.1:56928
Begin MonoManager ReloadAssembly
Registering precompiled unity dll's ...
Register platform support module: C:/Program Files/Unity/Hub/Editor/2021.1.5f1/Editor/Data/PlaybackEngines/WindowsStandaloneSupport/UnityEditor.WindowsStandalone.Extensions.dll
Registered in 0.002475 seconds.
Native extension for WindowsStandalone target not found
Refreshing native plugins compatible for Editor in 47.45 ms, found 0 plugins.
Preloading 0 native plugins for Editor in 0.00 ms.
Mono: successfully reloaded assembly
- Completed reload, in  4.114 seconds
Platform modules already initialized, skipping
Registering precompiled user dll's ...
Registered in 0.002157 seconds.
Begin MonoManager ReloadAssembly
Native extension for WindowsStandalone target not found
Refreshing native plugins compatible for Editor in 0.54 ms, found 0 plugins.
Preloading 0 native plugins for Editor in 0.00 ms.
Mono: successfully reloaded assembly
- Completed reload, in  1.110 seconds
Platform modules already initialized, skipping
========================================================================
Worker process is ready to serve import requests
Launched and connected shader compiler UnityShaderCompiler.exe after 0.06 seconds
Refreshing native plugins compatible for Editor in 0.85 ms, found 0 plugins.
Preloading 0 native plugins for Editor in 0.00 ms.
Unloading 1760 Unused Serialized files (Serialized files now loaded: 0)
System memory in use before: 75.9 MB.
System memory in use after: 76.0 MB.

Unloading 50 unused Assets to reduce memory usage. Loaded Objects now: 2185.
Total: 7.475500 ms (FindLiveObjects: 0.274700 ms CreateObjectMapping: 0.116400 ms MarkObjects: 6.944100 ms  DeleteObjects: 0.138900 ms)

========================================================================
Received Import Request.
  path: Assets/Images/Creatures/Skeleton.png
  artifactKey: Guid(337edf809d5766242af4708c7f4d80f0) Importer(815301076,1909f56bfc062723c751e8b465ee728b)
Start importing Assets/Images/Creatures/Skeleton.png using Guid(337edf809d5766242af4708c7f4d80f0) Importer(815301076,1909f56bfc062723c751e8b465ee728b)  -> (artifact id: '7aa4c134c04b6991d507926bd21754a8') in 1.191677 seconds 
========================================================================
Received Import Request.
  Time since last request: 0.000319 seconds.
  path: Assets/Images/Creatures/Robot.png
  artifactKey: Guid(4f510331afd51bf40906b990dbdc0c9f) Importer(815301076,1909f56bfc062723c751e8b465ee728b)
Start importing Assets/Images/Creatures/Robot.png using Guid(4f510331afd51bf40906b990dbdc0c9f) Importer(815301076,1909f56bfc062723c751e8b465ee728b)  -> (artifact id: '94622ec44e0a00bd864dfda4adcf5104') in 0.037383 seconds 
========================================================================
Received Import Request.
  Time since last request: 0.000455 seconds.
  path: Assets/Images/Creatures/Alien2.png
  artifactKey: Guid(9c3c175801454c441ac89163e45e326e) Importer(815301076,1909f56bfc062723c751e8b465ee728b)
Start importing Assets/Images/Creatures/Alien2.png using Guid(9c3c175801454c441ac89163e45e326e) Importer(815301076,1909f56bfc062723c751e8b465ee728b)  -> (artifact id: 'a77bb063cd21cc4f632e1a3076a29a63') in 0.028589 seconds 
========================================================================
Received Import Request.
  Time since last request: 0.000260 seconds.
  path: Assets/Images/Creatures/Bee.png
  artifactKey: Guid(a466ce28b563c884bb32f8f50910c938) Importer(815301076,1909f56bfc062723c751e8b465ee728b)
Start importing Assets/Images/Creatures/Bee.png using Guid(a466ce28b563c884bb32f8f50910c938) Importer(815301076,1909f56bfc062723c751e8b465ee728b)  -> (artifact id: '772ec65bb06b9e2fa9cd56b271c44cfa') in 0.036876 seconds 
========================================================================
Received Import Request.
  Time since last request: 0.000230 seconds.
  path: Assets/Images/Creatures/Orc.png
  artifactKey: Guid(59ee515eecd8c0947a5056eeae38cab4) Importer(815301076,1909f56bfc062723c751e8b465ee728b)
Start importing Assets/Images/Creatures/Orc.png using Guid(59ee515eecd8c0947a5056eeae38cab4) Importer(815301076,1909f56bfc062723c751e8b465ee728b)  -> (artifact id: 'd594d2463c232356a245ad11d48f9b2b') in 0.047628 seconds 
========================================================================
Received Import Request.
  Time since last request: 0.000228 seconds.
  path: Assets/Images/Creatures/Fish.png
  artifactKey: Guid(bbfe75157afc7794f9e0030e4717a1c5) Importer(815301076,1909f56bfc062723c751e8b465ee728b)
Start importing Assets/Images/Creatures/Fish.png using Guid(bbfe75157afc7794f9e0030e4717a1c5) Importer(815301076,1909f56bfc062723c751e8b465ee728b)  -> (artifact id: 'a0f5eefb0a2820a13a4a4bd6f9593f3c') in 0.032662 seconds 
========================================================================
Received Import Request.
  Time since last request: 0.000191 seconds.
  path: Assets/Images/Creatures/Alien1.png
  artifactKey: Guid(1eaabfea0c533c04d9c488d185e7454e) Importer(815301076,1909f56bfc062723c751e8b465ee728b)
Start importing Assets/Images/Creatures/Alien1.png using Guid(1eaabfea0c533c04d9c488d185e7454e) Importer(815301076,1909f56bfc062723c751e8b465ee728b)  -> (artifact id: '0f31415ed00afec648da1e82e35590b5') in 0.020337 seconds 
========================================================================
Received Import Request.
  Time since last request: 0.000309 seconds.
  path: Assets/Images/Creatures/Ghost.png
  artifactKey: Guid(fde2a1a584e8ec64dab7be930b3ce140) Importer(815301076,1909f56bfc062723c751e8b465ee728b)
Start importing Assets/Images/Creatures/Ghost.png using Guid(fde2a1a584e8ec64dab7be930b3ce140) Importer(815301076,1909f56bfc062723c751e8b465ee728b)  -> (artifact id: 'ad99f3e76038717bc71147319164c4bd') in 0.027911 seconds 
========================================================================
Received Prepare
Registering precompiled user dll's ...
Registered in 0.002129 seconds.
Begin MonoManager ReloadAssembly
Native extension for WindowsStandalone target not found
Refreshing native plugins compatible for Editor in 0.55 ms, found 0 plugins.
Preloading 0 native plugins for Editor in 0.00 ms.
Mono: successfully reloaded assembly
- Completed reload, in  1.032 seconds
Platform modules already initialized, skipping
Refreshing native plugins compatible for Editor in 1.39 ms, found 0 plugins.
Preloading 0 native plugins for Editor in 0.00 ms.
Unloading 1763 Unused Serialized files (Serialized files now loaded: 0)
System memory in use before: 84.3 MB.
System memory in use after: 84.4 MB.

Unloading 41 unused Assets to reduce memory usage. Loaded Objects now: 2328.
Total: 10.707000 ms (FindLiveObjects: 1.065400 ms CreateObjectMapping: 0.363100 ms MarkObjects: 9.172100 ms  DeleteObjects: 0.104000 ms)

========================================================================
Received Prepare
Registering precompiled user dll's ...
Registered in 0.004362 seconds.
Begin MonoManager ReloadAssembly
Native extension for WindowsStandalone target not found
Refreshing native plugins compatible for Editor in 0.54 ms, found 0 plugins.
Preloading 0 native plugins for Editor in 0.00 ms.
Mono: successfully reloaded assembly
- Completed reload, in  1.364 seconds
Platform modules already initialized, skipping
Refreshing native plugins compatible for Editor in 1.21 ms, found 0 plugins.
Preloading 0 native plugins for Editor in 0.00 ms.
Unloading 1755 Unused Serialized files (Serialized files now loaded: 0)
System memory in use before: 84.0 MB.
System memory in use after: 84.1 MB.

Unloading 41 unused Assets to reduce memory usage. Loaded Objects now: 2331.
Total: 14.834800 ms (FindLiveObjects: 1.198600 ms CreateObjectMapping: 0.739200 ms MarkObjects: 12.805500 ms  DeleteObjects: 0.088000 ms)

========================================================================
Received Prepare
Registering precompiled user dll's ...
Registered in 0.004448 seconds.
Begin MonoManager ReloadAssembly
Native extension for WindowsStandalone target not found
Refreshing native plugins compatible for Editor in 0.65 ms, found 0 plugins.
Preloading 0 native plugins for Editor in 0.00 ms.
Mono: successfully reloaded assembly
- Completed reload, in  1.917 seconds
Platform modules already initialized, skipping
Refreshing native plugins compatible for Editor in 0.73 ms, found 0 plugins.
Preloading 0 native plugins for Editor in 0.00 ms.
Unloading 1755 Unused Serialized files (Serialized files now loaded: 0)
System memory in use before: 84.1 MB.
System memory in use after: 84.1 MB.

Unloading 41 unused Assets to reduce memory usage. Loaded Objects now: 2334.
Total: 10.313900 ms (FindLiveObjects: 0.258700 ms CreateObjectMapping: 0.113900 ms MarkObjects: 9.874100 ms  DeleteObjects: 0.065600 ms)

========================================================================
Received Prepare
Registering precompiled user dll's ...
Registered in 0.005234 seconds.
Begin MonoManager ReloadAssembly
Native extension for WindowsStandalone target not found
Refreshing native plugins compatible for Editor in 1.73 ms, found 0 plugins.
Preloading 0 native plugins for Editor in 0.00 ms.
Mono: successfully reloaded assembly
- Completed reload, in  2.525 seconds
Platform modules already initialized, skipping
Refreshing native plugins compatible for Editor in 2.32 ms, found 0 plugins.
Preloading 0 native plugins for Editor in 0.00 ms.
Unloading 1755 Unused Serialized files (Serialized files now loaded: 0)
System memory in use before: 84.1 MB.
System memory in use after: 84.2 MB.

Unloading 41 unused Assets to reduce memory usage. Loaded Objects now: 2337.
Total: 14.743100 ms (FindLiveObjects: 0.213300 ms CreateObjectMapping: 0.114600 ms MarkObjects: 14.328600 ms  DeleteObjects: 0.084600 ms)

========================================================================
Received Prepare
Registering precompiled user dll's ...
Registered in 0.006485 seconds.
Begin MonoManager ReloadAssembly
Native extension for WindowsStandalone target not found
Refreshing native plugins compatible for Editor in 0.54 ms, found 0 plugins.
Preloading 0 native plugins for Editor in 0.00 ms.
Mono: successfully reloaded assembly
- Completed reload, in  1.145 seconds
Platform modules already initialized, skipping
Refreshing native plugins compatible for Editor in 0.51 ms, found 0 plugins.
Preloading 0 native plugins for Editor in 0.00 ms.
Unloading 1755 Unused Serialized files (Serialized files now loaded: 0)
System memory in use before: 84.1 MB.
System memory in use after: 84.2 MB.

Unloading 41 unused Assets to reduce memory usage. Loaded Objects now: 2340.
Total: 5.505500 ms (FindLiveObjects: 0.153600 ms CreateObjectMapping: 0.046800 ms MarkObjects: 5.223600 ms  DeleteObjects: 0.080700 ms)

AssetImportWorkerClient::OnTransportError - code=2 error=End of file
